{"C:\\Users\\sivan\\OneDrive\\Documents\\Projects\\news-app\\services\\helpers.ts": {"path":"C:\\Users\\sivan\\OneDrive\\Documents\\Projects\\news-app\\services\\helpers.ts","statementMap":{"0":{"start":{"line":1,"column":0},"end":{"line":1,"column":84}},"1":{"start":{"line":3,"column":28},"end":{"line":7,"column":1}},"2":{"start":{"line":4,"column":27},"end":{"line":4,"column":63}},"3":{"start":{"line":5,"column":21},"end":{"line":5,"column":50}},"4":{"start":{"line":6,"column":2},"end":{"line":6,"column":67}},"5":{"start":{"line":3,"column":13},"end":{"line":3,"column":28}},"6":{"start":{"line":9,"column":35},"end":{"line":21,"column":1}},"7":{"start":{"line":10,"column":2},"end":{"line":10,"column":null}},"8":{"start":{"line":11,"column":2},"end":{"line":13,"column":null}},"9":{"start":{"line":12,"column":4},"end":{"line":12,"column":66}},"10":{"start":{"line":14,"column":2},"end":{"line":20,"column":4}},"11":{"start":{"line":9,"column":13},"end":{"line":9,"column":35}},"12":{"start":{"line":23,"column":38},"end":{"line":28,"column":1}},"13":{"start":{"line":24,"column":2},"end":{"line":27,"column":null}},"14":{"start":{"line":23,"column":13},"end":{"line":23,"column":38}}},"fnMap":{"0":{"name":"(anonymous_0)","decl":{"start":{"line":3,"column":28},"end":{"line":3,"column":29}},"loc":{"start":{"line":3,"column":69},"end":{"line":7,"column":1}}},"1":{"name":"(anonymous_1)","decl":{"start":{"line":9,"column":35},"end":{"line":9,"column":36}},"loc":{"start":{"line":9,"column":87},"end":{"line":21,"column":1}}},"2":{"name":"(anonymous_2)","decl":{"start":{"line":23,"column":38},"end":{"line":23,"column":39}},"loc":{"start":{"line":23,"column":105},"end":{"line":28,"column":1}}}},"branchMap":{"0":{"loc":{"start":{"line":6,"column":9},"end":{"line":6,"column":66}},"type":"cond-expr","locations":[{"start":{"line":6,"column":54},"end":{"line":6,"column":58}},{"start":{"line":6,"column":61},"end":{"line":6,"column":66}}]},"1":{"loc":{"start":{"line":6,"column":10},"end":{"line":6,"column":50}},"type":"binary-expr","locations":[{"start":{"line":6,"column":10},"end":{"line":6,"column":25}},{"start":{"line":6,"column":29},"end":{"line":6,"column":50}}]},"2":{"loc":{"start":{"line":11,"column":2},"end":{"line":13,"column":null}},"type":"if","locations":[{"start":{"line":11,"column":2},"end":{"line":13,"column":null}}]},"3":{"loc":{"start":{"line":26,"column":24},"end":{"line":26,"column":37}},"type":"cond-expr","locations":[{"start":{"line":26,"column":29},"end":{"line":26,"column":33}},{"start":{"line":26,"column":34},"end":{"line":26,"column":37}}]}},"s":{"0":1,"1":1,"2":3,"3":3,"4":3,"5":1,"6":1,"7":3,"8":3,"9":1,"10":2,"11":1,"12":1,"13":0,"14":1},"f":{"0":3,"1":3,"2":0},"b":{"0":[2,1],"1":[3,2],"2":[1],"3":[0,0]}}
,"C:\\Users\\sivan\\OneDrive\\Documents\\Projects\\news-app\\services\\interfaces.ts": {"path":"C:\\Users\\sivan\\OneDrive\\Documents\\Projects\\news-app\\services\\interfaces.ts","statementMap":{"0":{"start":{"line":1,"column":0},"end":{"line":1,"column":31}},"1":{"start":{"line":3,"column":0},"end":{"line":3,"column":null}},"2":{"start":{"line":4,"column":2},"end":{"line":4,"column":null}},"3":{"start":{"line":5,"column":2},"end":{"line":5,"column":null}},"4":{"start":{"line":7,"column":0},"end":{"line":7,"column":null}},"5":{"start":{"line":8,"column":2},"end":{"line":8,"column":null}},"6":{"start":{"line":9,"column":2},"end":{"line":9,"column":null}},"7":{"start":{"line":10,"column":2},"end":{"line":10,"column":null}},"8":{"start":{"line":27,"column":32},"end":{"line":37,"column":1}},"9":{"start":{"line":28,"column":23},"end":{"line":28,"column":60}},"10":{"start":{"line":29,"column":2},"end":{"line":36,"column":4}},"11":{"start":{"line":31,"column":6},"end":{"line":31,"column":53}},"12":{"start":{"line":33,"column":6},"end":{"line":33,"column":52}},"13":{"start":{"line":35,"column":6},"end":{"line":35,"column":57}},"14":{"start":{"line":27,"column":13},"end":{"line":27,"column":32}},"15":{"start":{"line":40,"column":2},"end":{"line":40,"column":22}},"16":{"start":{"line":44,"column":2},"end":{"line":44,"column":25}},"17":{"start":{"line":45,"column":2},"end":{"line":45,"column":33}},"18":{"start":{"line":46,"column":2},"end":{"line":46,"column":24}},"19":{"start":{"line":47,"column":2},"end":{"line":47,"column":23}},"20":{"start":{"line":48,"column":2},"end":{"line":48,"column":20}},"21":{"start":{"line":50,"column":2},"end":{"line":53,"column":4}},"22":{"start":{"line":51,"column":83},"end":{"line":51,"column":91}},"23":{"start":{"line":52,"column":4},"end":{"line":52,"column":null}},"24":{"start":{"line":39,"column":0},"end":{"line":39,"column":22}},"25":{"start":{"line":66,"column":4},"end":{"line":66,"column":12}},"26":{"start":{"line":62,"column":2},"end":{"line":62,"column":60}},"27":{"start":{"line":63,"column":2},"end":{"line":63,"column":66}},"28":{"start":{"line":64,"column":2},"end":{"line":64,"column":44}},"29":{"start":{"line":68,"column":2},"end":{"line":68,"column":null}},"30":{"start":{"line":68,"column":47},"end":{"line":68,"column":78}},"31":{"start":{"line":61,"column":0},"end":{"line":61,"column":13}},"32":{"start":{"line":78,"column":4},"end":{"line":78,"column":12}},"33":{"start":{"line":73,"column":2},"end":{"line":73,"column":33}},"34":{"start":{"line":74,"column":2},"end":{"line":74,"column":29}},"35":{"start":{"line":75,"column":2},"end":{"line":75,"column":28}},"36":{"start":{"line":80,"column":2},"end":{"line":80,"column":null}},"37":{"start":{"line":80,"column":48},"end":{"line":80,"column":79}},"38":{"start":{"line":72,"column":0},"end":{"line":72,"column":13}},"39":{"start":{"line":85,"column":25},"end":{"line":92,"column":1}},"40":{"start":{"line":86,"column":2},"end":{"line":91,"column":4}},"41":{"start":{"line":88,"column":6},"end":{"line":88,"column":64}},"42":{"start":{"line":90,"column":7},"end":{"line":90,"column":69}},"43":{"start":{"line":85,"column":13},"end":{"line":85,"column":25}},"44":{"start":{"line":94,"column":31},"end":{"line":97,"column":1}},"45":{"start":{"line":95,"column":2},"end":{"line":95,"column":null}},"46":{"start":{"line":96,"column":2},"end":{"line":96,"column":117}},"47":{"start":{"line":96,"column":99},"end":{"line":96,"column":115}},"48":{"start":{"line":94,"column":13},"end":{"line":94,"column":31}}},"fnMap":{"0":{"name":"(anonymous_0)","decl":{"start":{"line":3,"column":0},"end":{"line":3,"column":13}},"loc":{"start":{"line":3,"column":16},"end":{"line":6,"column":1}}},"1":{"name":"(anonymous_1)","decl":{"start":{"line":7,"column":0},"end":{"line":7,"column":13}},"loc":{"start":{"line":7,"column":20},"end":{"line":11,"column":1}}},"2":{"name":"(anonymous_2)","decl":{"start":{"line":27,"column":32},"end":{"line":27,"column":33}},"loc":{"start":{"line":27,"column":90},"end":{"line":37,"column":1}}},"3":{"name":"(anonymous_3)","decl":{"start":{"line":39,"column":0},"end":{"line":39,"column":22}},"loc":{"start":{"line":39,"column":0},"end":{"line":57,"column":1}}},"4":{"name":"(anonymous_4)","decl":{"start":{"line":50,"column":21},"end":{"line":50,"column":22}},"loc":{"start":{"line":50,"column":56},"end":{"line":53,"column":3}}},"5":{"name":"(anonymous_5)","decl":{"start":{"line":65,"column":2},"end":{"line":65,"column":null}},"loc":{"start":{"line":65,"column":2},"end":{"line":67,"column":3}}},"6":{"name":"(anonymous_6)","decl":{"start":{"line":68,"column":21},"end":{"line":68,"column":22}},"loc":{"start":{"line":68,"column":47},"end":{"line":68,"column":78}}},"7":{"name":"(anonymous_7)","decl":{"start":{"line":77,"column":2},"end":{"line":77,"column":null}},"loc":{"start":{"line":77,"column":2},"end":{"line":79,"column":3}}},"8":{"name":"(anonymous_8)","decl":{"start":{"line":80,"column":22},"end":{"line":80,"column":23}},"loc":{"start":{"line":80,"column":48},"end":{"line":80,"column":79}}},"9":{"name":"(anonymous_9)","decl":{"start":{"line":85,"column":25},"end":{"line":85,"column":26}},"loc":{"start":{"line":85,"column":60},"end":{"line":92,"column":1}}},"10":{"name":"(anonymous_10)","decl":{"start":{"line":94,"column":31},"end":{"line":94,"column":32}},"loc":{"start":{"line":94,"column":50},"end":{"line":97,"column":1}}},"11":{"name":"(anonymous_11)","decl":{"start":{"line":96,"column":92},"end":{"line":96,"column":95}},"loc":{"start":{"line":96,"column":99},"end":{"line":96,"column":115}}}},"branchMap":{"0":{"loc":{"start":{"line":3,"column":13},"end":{"line":3,"column":null}},"type":"binary-expr","locations":[{"start":{"line":3,"column":13},"end":{"line":3,"column":16}},{"start":{"line":3,"column":13},"end":{"line":3,"column":null}}]},"1":{"loc":{"start":{"line":7,"column":13},"end":{"line":7,"column":null}},"type":"binary-expr","locations":[{"start":{"line":7,"column":13},"end":{"line":7,"column":20}},{"start":{"line":7,"column":13},"end":{"line":7,"column":null}}]},"2":{"loc":{"start":{"line":29,"column":2},"end":{"line":36,"column":4}},"type":"switch","locations":[{"start":{"line":30,"column":4},"end":{"line":31,"column":53}},{"start":{"line":32,"column":4},"end":{"line":33,"column":52}},{"start":{"line":34,"column":4},"end":{"line":35,"column":57}}]},"3":{"loc":{"start":{"line":51,"column":12},"end":{"line":51,"column":36}},"type":"default-arg","locations":[{"start":{"line":51,"column":23},"end":{"line":51,"column":36}}]},"4":{"loc":{"start":{"line":51,"column":38},"end":{"line":51,"column":60}},"type":"default-arg","locations":[{"start":{"line":51,"column":48},"end":{"line":51,"column":60}}]},"5":{"loc":{"start":{"line":51,"column":62},"end":{"line":51,"column":78}},"type":"default-arg","locations":[{"start":{"line":51,"column":69},"end":{"line":51,"column":78}}]},"6":{"loc":{"start":{"line":86,"column":2},"end":{"line":91,"column":4}},"type":"switch","locations":[{"start":{"line":87,"column":4},"end":{"line":88,"column":64}},{"start":{"line":89,"column":5},"end":{"line":90,"column":69}}]}},"s":{"0":1,"1":1,"2":1,"3":1,"4":1,"5":1,"6":1,"7":1,"8":1,"9":0,"10":0,"11":0,"12":0,"13":0,"14":1,"15":0,"16":0,"17":0,"18":0,"19":0,"20":0,"21":0,"22":0,"23":0,"24":1,"25":0,"26":0,"27":0,"28":0,"29":0,"30":0,"31":1,"32":0,"33":0,"34":0,"35":0,"36":0,"37":0,"38":1,"39":1,"40":0,"41":0,"42":0,"43":1,"44":1,"45":0,"46":0,"47":0,"48":1},"f":{"0":1,"1":1,"2":0,"3":0,"4":0,"5":0,"6":0,"7":0,"8":0,"9":0,"10":0,"11":0},"b":{"0":[1,1],"1":[1,1],"2":[0,0,0],"3":[0],"4":[0],"5":[0],"6":[0,0]}}
}
