TN:
SF:services\helpers.ts
FN:3,(anonymous_0)
FN:9,(anonymous_1)
FN:23,(anonymous_2)
FNF:3
FNH:2
FNDA:3,(anonymous_0)
FNDA:3,(anonymous_1)
FNDA:0,(anonymous_2)
DA:1,1
DA:3,1
DA:4,3
DA:5,3
DA:6,3
DA:9,1
DA:10,3
DA:11,3
DA:12,1
DA:14,2
DA:23,1
DA:24,0
LF:12
LH:11
BRDA:6,0,0,2
BRDA:6,0,1,1
BRDA:6,1,0,3
BRDA:6,1,1,2
BRDA:11,2,0,1
BRDA:26,3,0,0
BRDA:26,3,1,0
BRF:7
BRH:5
end_of_record
TN:
SF:services\interfaces.ts
FN:3,(anonymous_0)
FN:7,(anonymous_1)
FN:27,(anonymous_2)
FN:39,(anonymous_3)
FN:50,(anonymous_4)
FN:65,(anonymous_5)
FN:68,(anonymous_6)
FN:77,(anonymous_7)
FN:80,(anonymous_8)
FN:85,(anonymous_9)
FN:94,(anonymous_10)
FN:96,(anonymous_11)
FNF:12
FNH:2
FNDA:1,(anonymous_0)
FNDA:1,(anonymous_1)
FNDA:0,(anonymous_2)
FNDA:0,(anonymous_3)
FNDA:0,(anonymous_4)
FNDA:0,(anonymous_5)
FNDA:0,(anonymous_6)
FNDA:0,(anonymous_7)
FNDA:0,(anonymous_8)
FNDA:0,(anonymous_9)
FNDA:0,(anonymous_10)
FNDA:0,(anonymous_11)
DA:1,1
DA:3,1
DA:4,1
DA:5,1
DA:7,1
DA:8,1
DA:9,1
DA:10,1
DA:27,1
DA:28,0
DA:29,0
DA:31,0
DA:33,0
DA:35,0
DA:39,1
DA:40,0
DA:44,0
DA:45,0
DA:46,0
DA:47,0
DA:48,0
DA:50,0
DA:51,0
DA:52,0
DA:61,1
DA:62,0
DA:63,0
DA:64,0
DA:66,0
DA:68,0
DA:72,1
DA:73,0
DA:74,0
DA:75,0
DA:78,0
DA:80,0
DA:85,1
DA:86,0
DA:88,0
DA:90,0
DA:94,1
DA:95,0
DA:96,0
LF:43
LH:14
BRDA:3,0,0,1
BRDA:3,0,1,1
BRDA:7,1,0,1
BRDA:7,1,1,1
BRDA:29,2,0,0
BRDA:29,2,1,0
BRDA:29,2,2,0
BRDA:51,3,0,0
BRDA:51,4,0,0
BRDA:51,5,0,0
BRDA:86,6,0,0
BRDA:86,6,1,0
BRF:12
BRH:4
end_of_record
